
answer = "appel"

undefined
answer
"appel"

var input = "apple"

undefined
inp
VM3953:1 Uncaught ReferenceError: inp is not defined
    at <anonymous>:1:1
(anonymous) @ VM3953:1
input
"apple"

answer == input
false
var split = input.split("");
undefined
split
(5) ["a", "p", "p", "l", "e"]
asnwer.includes(split[0])
VM4093:1 Uncaught ReferenceError: asnwer is not defined
    at <anonymous>:1:1
(anonymous) @ VM4093:1
answer.includes(split[0])
true
answer.includes(split[1])
true
answer.includes(split[2])
true
answer.includes(split[3])
true
answer.includes(split[4])
                      
true
answer.includes(split[5])
                      
false
splitAnswr = answer.split("")
(5) ["a", "p", "p", "e", "l"]
split[0] == splitAnswr[0]
true
split[1] == splitAnswr[1]
true
split[2] == splitAnswr[2]
true
split[3] == splitAnswr[3]
false
splitAnswr.includes(split[2])
true
