chosenWord
"benen"
chosenWordCopy
(5) ["b", "e", "n", "e", "n"]
attempt
"zeeec"
var res = [0, 0, 0, 0, 0]
undefined
attempt[0] === chosenWordCopy[0]
false
res[0] = 1
1
res
(5) [1, 0, 0, 0, 0]
res[0] = 0
0
attempt[1] === chosenWordCopy[1]
true
res[1] = 2
2
delete chosenWordCopy[1]
true
chosenWordCopy
(5) ["b", empty, "n", "e", "n"]
attempt[2] === chosenWordCopy[2]
false
res[2] = 0
0
attempt[3] === chosenWordCopy[3]
true
res[3] = 2
2
delete chosenWordCopy[3]
true
attempt[4] === chosenWordCopy[4]
false
res[4] = 0
0
res
(5) [0, 2, 0, 2, 0]
attempt
"zeeec"
